[2021-11-30T14:52:04.516] [DEBUG] cheese - login => username:admin,password:123456
[2021-11-30T14:52:04.520] [DEBUG] cheese - admin
[2021-11-30T14:52:04.796] [DEBUG] cheese - null
[2021-11-30T14:52:04.796] [DEBUG] cheese - null
[2021-11-30T15:15:37.805] [DEBUG] cheese - login => username:admin,password:123456
[2021-11-30T15:15:37.805] [DEBUG] cheese - admin
[2021-11-30T15:15:37.810] [DEBUG] cheese - null
[2021-11-30T15:15:37.810] [DEBUG] cheese - null
[2021-11-30T18:45:17.242] [DEBUG] cheese - login => username:admin,password:123456
[2021-11-30T18:45:17.245] [DEBUG] cheese - admin
[2021-11-30T18:45:17.273] [DEBUG] cheese - null
[2021-11-30T18:45:17.276] [DEBUG] cheese - null
[2021-11-30T18:46:46.375] [DEBUG] cheese - login => username:zs1,password:123311
[2021-11-30T18:46:46.376] [DEBUG] cheese - zs1
[2021-11-30T18:46:46.382] [DEBUG] cheese - null
[2021-11-30T18:46:46.382] [DEBUG] cheese - null
[2021-11-30T18:48:00.199] [DEBUG] cheese - login => username:zs1,password:123342
[2021-11-30T18:48:00.199] [DEBUG] cheese - zs1
[2021-11-30T18:48:00.204] [DEBUG] cheese - null
[2021-11-30T18:48:00.204] [DEBUG] cheese - null
[2021-11-30T18:50:02.319] [DEBUG] cheese - login => username:zs1233,password:123143123
[2021-11-30T18:50:02.319] [DEBUG] cheese - zs1233
[2021-11-30T18:50:02.322] [DEBUG] cheese - null
[2021-11-30T18:50:02.322] [DEBUG] cheese - null
[2021-11-30T18:50:14.962] [DEBUG] cheese - login => username:zs1233,password:123143123
[2021-11-30T18:50:14.962] [DEBUG] cheese - zs1233
[2021-11-30T18:50:14.974] [DEBUG] cheese - null
[2021-11-30T18:50:14.975] [DEBUG] cheese - null
[2021-11-30T18:51:09.447] [DEBUG] cheese - login => username:zs1,password:123341231
[2021-11-30T18:51:09.447] [DEBUG] cheese - zs1
[2021-11-30T18:51:09.450] [DEBUG] cheese - null
[2021-11-30T18:51:09.450] [DEBUG] cheese - null
[2021-11-30T18:51:25.810] [DEBUG] cheese - login => username:zs1,password:123341231
[2021-11-30T18:51:25.811] [DEBUG] cheese - zs1
[2021-11-30T18:51:25.814] [DEBUG] cheese - null
[2021-11-30T18:51:25.814] [DEBUG] cheese - null
[2021-11-30T18:51:34.040] [DEBUG] cheese - login => username:zs1,password:123341231
[2021-11-30T18:51:34.040] [DEBUG] cheese - zs1
[2021-11-30T18:51:34.043] [DEBUG] cheese - null
[2021-11-30T18:51:34.043] [DEBUG] cheese - null
[2021-11-30T18:51:34.735] [DEBUG] cheese - login => username:zs1,password:123341231
[2021-11-30T18:51:34.735] [DEBUG] cheese - zs1
[2021-11-30T18:51:34.737] [DEBUG] cheese - null
[2021-11-30T18:51:34.738] [DEBUG] cheese - null
[2021-11-30T18:51:35.322] [DEBUG] cheese - login => username:zs1,password:123341231
[2021-11-30T18:51:35.322] [DEBUG] cheese - zs1
[2021-11-30T18:51:35.324] [DEBUG] cheese - null
[2021-11-30T18:51:35.324] [DEBUG] cheese - null
[2021-11-30T18:51:35.764] [DEBUG] cheese - login => username:zs1,password:123341231
[2021-11-30T18:51:35.764] [DEBUG] cheese - zs1
[2021-11-30T18:51:35.766] [DEBUG] cheese - null
[2021-11-30T18:51:35.766] [DEBUG] cheese - null
[2021-11-30T18:51:44.625] [DEBUG] cheese - login => username:admin,password:123456
[2021-11-30T18:51:44.625] [DEBUG] cheese - admin
[2021-11-30T18:51:44.630] [DEBUG] cheese - null
[2021-11-30T18:51:44.630] [DEBUG] cheese - null
[2021-11-30T19:12:18.586] [DEBUG] cheese - login => username:zs1,password:123234555
[2021-11-30T19:12:18.587] [DEBUG] cheese - zs1
[2021-11-30T19:12:18.589] [DEBUG] cheese - null
[2021-11-30T19:12:18.590] [DEBUG] cheese - null
[2021-11-30T19:12:29.398] [DEBUG] cheese - login => username:admin,password:123456
[2021-11-30T19:12:29.398] [DEBUG] cheese - admin
[2021-11-30T19:12:29.403] [DEBUG] cheese - null
[2021-11-30T19:12:29.403] [DEBUG] cheese - null
[2021-11-30T19:16:24.404] [DEBUG] cheese - login => username:admin,password:123456
[2021-11-30T19:16:24.404] [DEBUG] cheese - admin
[2021-11-30T19:16:24.408] [DEBUG] cheese - null
[2021-11-30T19:16:24.408] [DEBUG] cheese - null
[2021-11-30T19:27:18.419] [DEBUG] cheese - login => username:admin,password:123456
[2021-11-30T19:27:18.420] [DEBUG] cheese - admin
[2021-11-30T19:27:18.422] [DEBUG] cheese - null
[2021-11-30T19:27:18.422] [DEBUG] cheese - null
[2021-12-01T09:24:45.409] [DEBUG] cheese - login => username:admin,password:123456
[2021-12-01T09:24:45.410] [DEBUG] cheese - admin
[2021-12-01T14:30:44.131] [DEBUG] cheese - login => username:admin,password:123456
[2021-12-01T14:30:44.133] [DEBUG] cheese - admin
[2021-12-01T14:30:44.230] [DEBUG] cheese - null
[2021-12-01T14:30:44.230] [DEBUG] cheese - null
[2021-12-01T14:30:44.359] [DEBUG] cheese - null
[2021-12-01T14:30:44.359] [DEBUG] cheese - null
[2021-12-01T14:30:44.502] [DEBUG] cheese - login => username:admin,password:123456
[2021-12-01T14:30:44.502] [DEBUG] cheese - admin
[2021-12-01T14:30:44.510] [DEBUG] cheese - login => username:admin,password:123456
[2021-12-01T14:30:44.510] [DEBUG] cheese - admin
[2021-12-01T14:30:44.514] [DEBUG] cheese - login => username:admin,password:123456
[2021-12-01T14:30:44.515] [DEBUG] cheese - admin
[2021-12-01T14:30:44.519] [DEBUG] cheese - login => username:admin,password:123456
[2021-12-01T14:30:44.519] [DEBUG] cheese - admin
[2021-12-01T14:30:44.526] [DEBUG] cheese - login => username:admin,password:123456
[2021-12-01T14:30:44.526] [DEBUG] cheese - admin
[2021-12-01T14:30:44.531] [DEBUG] cheese - login => username:admin,password:123456
[2021-12-01T14:30:44.531] [DEBUG] cheese - admin
[2021-12-01T14:30:52.968] [DEBUG] cheese - login => username:admin,password:123456
[2021-12-01T14:30:52.972] [DEBUG] cheese - admin
[2021-12-01T14:30:52.991] [DEBUG] cheese - null
[2021-12-01T14:30:52.992] [DEBUG] cheese - null
[2021-12-01T14:30:58.795] [DEBUG] cheese - login => username:admin,password:123456
[2021-12-01T14:30:58.796] [DEBUG] cheese - admin
[2021-12-01T14:30:58.799] [DEBUG] cheese - null
[2021-12-01T14:30:58.800] [DEBUG] cheese - null
[2021-12-01T14:34:34.059] [DEBUG] cheese - login => username:admin,password:123456
[2021-12-01T14:34:34.059] [DEBUG] cheese - admin
[2021-12-01T14:34:34.065] [DEBUG] cheese - null
[2021-12-01T14:34:34.066] [DEBUG] cheese - null
[2021-12-01T14:34:40.392] [DEBUG] cheese - login => username:admin,password:123456
[2021-12-01T14:34:40.392] [DEBUG] cheese - admin
[2021-12-01T14:34:40.398] [DEBUG] cheese - null
[2021-12-01T14:34:40.399] [DEBUG] cheese - null
[2021-12-01T14:34:43.694] [DEBUG] cheese - login => username:admin,password:123456
[2021-12-01T14:34:43.694] [DEBUG] cheese - admin
[2021-12-01T14:34:43.700] [DEBUG] cheese - null
[2021-12-01T14:34:43.700] [DEBUG] cheese - null
[2021-12-01T16:34:55.148] [DEBUG] cheese - login => username:admin,password:123456
[2021-12-01T16:34:55.151] [DEBUG] cheese - admin
[2021-12-01T16:34:55.394] [DEBUG] cheese - null
[2021-12-01T16:34:55.394] [DEBUG] cheese - null
[2021-12-02T13:19:24.482] [DEBUG] cheese - login => username:admin,password:123456
[2021-12-02T13:19:24.483] [DEBUG] cheese - admin
[2021-12-02T13:19:24.630] [DEBUG] cheese - null
[2021-12-02T13:19:24.630] [DEBUG] cheese - null
[2021-12-02T13:39:02.271] [DEBUG] cheese - login => username:admin,password:123456
[2021-12-02T13:39:02.271] [DEBUG] cheese - admin
[2021-12-02T13:39:02.279] [DEBUG] cheese - null
[2021-12-02T13:39:02.279] [DEBUG] cheese - null
[2021-12-02T13:54:51.921] [DEBUG] cheese - login => username:admin,password:123456
[2021-12-02T13:54:51.922] [DEBUG] cheese - admin
[2021-12-02T13:54:52.071] [DEBUG] cheese - null
[2021-12-02T13:54:52.074] [DEBUG] cheese - null
[2021-12-02T13:56:27.222] [DEBUG] cheese - login => username:admin,password:123456
[2021-12-02T13:56:27.222] [DEBUG] cheese - admin
[2021-12-02T13:56:27.234] [DEBUG] cheese - null
[2021-12-02T13:56:27.234] [DEBUG] cheese - null
